\BOOKMARK [0][-]{chapter.1}{Wstep}{}% 1
\BOOKMARK [1][-]{section.1.1}{Cele pracy}{chapter.1}% 2
\BOOKMARK [1][-]{section.1.2}{Plan pracy}{chapter.1}% 3
\BOOKMARK [0][-]{chapter.2}{Wybrane zagadnienia propagacji fal w osrodku sprezystym}{}% 4
\BOOKMARK [1][-]{section.2.1}{Liniowa teoria sprezystosci}{chapter.2}% 5
\BOOKMARK [2][-]{subsection.2.1.1}{Naprezenie}{section.2.1}% 6
\BOOKMARK [2][-]{subsection.2.1.2}{Odksztalcenie i prawko Hooke'a}{section.2.1}% 7
\BOOKMARK [1][-]{section.2.2}{Rodzaje fal sprezystych}{chapter.2}% 8
\BOOKMARK [2][-]{subsection.2.2.1}{Fale podluzne}{section.2.2}% 9
\BOOKMARK [2][-]{subsection.2.2.2}{Fale poprzeczne}{section.2.2}% 10
\BOOKMARK [2][-]{subsection.2.2.3}{Fale Rayleigha i L\366va}{section.2.2}% 11
\BOOKMARK [2][-]{subsection.2.2.4}{Fale Lamba}{section.2.2}% 12
\BOOKMARK [1][-]{section.2.3}{Zjawisko dyspersji}{chapter.2}% 13
\BOOKMARK [2][-]{subsection.2.3.1}{Predkosc fazowa i grupowa}{section.2.3}% 14
\BOOKMARK [2][-]{subsection.2.3.2}{Analityczne wyznaczanie krzywych dyspersji}{section.2.3}% 15
\BOOKMARK [2][-]{subsection.2.3.3}{Numeryczne wyznaczanie krzywych dyspresji}{section.2.3}% 16
\BOOKMARK [2][-]{subsection.2.3.4}{Eksperymentalne wyznaczanie krzywych dyspersji}{section.2.3}% 17
\BOOKMARK [0][-]{chapter.3}{Wykorzystywane zagadnienia metody element\363w skonczonych}{}% 18
\BOOKMARK [1][-]{section.3.1}{Rozwiazywanie zadan z pomoca MES}{chapter.3}% 19
\BOOKMARK [1][-]{section.3.2}{Funkcje ksztaltu}{chapter.3}% 20
\BOOKMARK [1][-]{section.3.3}{Wyznaczanie macierzy sztywnosci i mas element\363w}{chapter.3}% 21
\BOOKMARK [1][-]{section.3.4}{Agregacja globalnych macierzy mas i sztywnosci}{chapter.3}% 22
\BOOKMARK [1][-]{section.3.5}{Rozwiazanie wyznaczonego r\363wnania macierzowego}{chapter.3}% 23
\BOOKMARK [1][-]{section.3.6}{Zbieznosc metody i bledy rozwiazania}{chapter.3}% 24
\BOOKMARK [0][-]{chapter.4}{Metody kompensacji dyspersji}{}% 25
\BOOKMARK [1][-]{section.4.1}{Cel kompensacji}{chapter.4}% 26
\BOOKMARK [2][-]{subsection.4.1.1}{Zastosowanie fal Lamba w nieniszczacych testach}{section.4.1}% 27
\BOOKMARK [2][-]{subsection.4.1.2}{Sygnal stosowany wy symulacji}{section.4.1}% 28
\BOOKMARK [1][-]{section.4.2}{Agregacja krzywych dyspersji uzyskanych z zaimplementowanego solvera}{chapter.4}% 29
\BOOKMARK [2][-]{subsection.4.2.1}{Cel agregacji}{section.4.2}% 30
\BOOKMARK [2][-]{subsection.4.2.2}{Algorytm agregacji}{section.4.2}% 31
\BOOKMARK [1][-]{section.4.3}{Metoda odwracania sygnalu w czasie}{chapter.4}% 32
\BOOKMARK [2][-]{subsection.4.3.1}{Podstawy teoretyczne}{section.4.3}% 33
\BOOKMARK [2][-]{subsection.4.3.2}{Implementacja numeryczna}{section.4.3}% 34
\BOOKMARK [1][-]{section.4.4}{Metoda mapowania liniowego przy pomocy rozwiniecia w szereg Taylora}{chapter.4}% 35
\BOOKMARK [2][-]{subsection.4.4.1}{Podstawy teoretyczne}{section.4.4}% 36
\BOOKMARK [2][-]{subsection.4.4.2}{Implementacja numeryczna}{section.4.4}% 37
\BOOKMARK [0][-]{chapter.5}{Aplikacja do obliczen numerycznych}{}% 38
\BOOKMARK [1][-]{section.5.1}{Instalacja i konfiguracja srodowiska}{chapter.5}% 39
\BOOKMARK [2][-]{subsection.5.1.1}{Anaconda}{section.5.1}% 40
\BOOKMARK [2][-]{subsection.5.1.2}{PyCharm}{section.5.1}% 41
\BOOKMARK [1][-]{section.5.2}{Obliczenia MES i wyznaczanie krzywych dyspersji oraz wzbudzalnosci}{chapter.5}% 42
\BOOKMARK [2][-]{subsection.5.2.1}{Elementy czworoscienne}{section.5.2}% 43
\BOOKMARK [2][-]{subsection.5.2.2}{Elementy szescienne}{section.5.2}% 44
\BOOKMARK [0][-]{section*.59}{Bibliografia}{}% 45
\BOOKMARK [0][-]{section*.60}{Zalaczniki}{}% 46
\BOOKMARK [0][-]{Dodatek.a.A}{Lorem Ipsum}{}% 47
